<?xml version="1.0" encoding="UTF-8"?>
<!-- Generated by org.testng.reporters.JUnitXMLReporter -->
<testsuite ignored="0" hostname="DESKTOP-KD8HJQ6" failures="1" tests="3" name="Test" time="43.975" errors="0" timestamp="2025-02-19T14:23:17 IST">
  <testcase classname="sandeepacademy.Tests.ErrorValidations" name="E2EDemo" time="0.57">
    <failure type="java.lang.AssertionError" message="expected [Incorrect email  password.] but found [Incorrect email or password.]">
      <![CDATA[java.lang.AssertionError: expected [Incorrect email  password.] but found [Incorrect email or password.]
at sandeepacademy.Tests.ErrorValidations.E2EDemo(ErrorValidations.java:41)
at java.base/java.util.ArrayList.forEach(ArrayList.java:1511)
... Removed 33 stack frames]]>
    </failure>
  </testcase> <!-- E2EDemo -->
  <testcase classname="sandeepacademy.Tests.ErrorValidations" name="E2EDemo2" time="3.489"/>
  <testcase classname="sandeepacademy.Tests.ErrorValidations" name="E2EDemo2" time="5.954"/>
</testsuite> <!-- Test -->
