<?xml version="1.0" encoding="UTF-8"?>
<!-- Generated by org.testng.reporters.JUnitXMLReporter -->
<testsuite ignored="1" hostname="DESKTOP-KD8HJQ6" failures="1" tests="1" name="Validations" time="9.662" errors="0" timestamp="2025-02-19T13:17:13 IST">
  <testcase classname="sandeepacademy.Tests.ErrorValidations" name="E2EDemo" time="0.641">
    <failure type="java.lang.AssertionError" message="expected [Incorrect email  password.] but found [Incorrect email or password.]">
      <![CDATA[java.lang.AssertionError: expected [Incorrect email  password.] but found [Incorrect email or password.]
at sandeepacademy.Tests.ErrorValidations.E2EDemo(ErrorValidations.java:57)
at java.base/java.util.ArrayList.forEach(ArrayList.java:1511)
... Removed 33 stack frames]]>
    </failure>
  </testcase> <!-- E2EDemo -->
  <testcase classname="sandeepacademy.Tests.ErrorValidations" name="E2EDemo2" time="0.0">
    <ignored/>
  </testcase> <!-- E2EDemo2 -->
</testsuite> <!-- Validations -->
