<?xml version="1.0" encoding="UTF-8"?>
<!-- Generated by org.testng.reporters.JUnitXMLReporter -->
<testsuite ignored="1" hostname="DESKTOP-KD8HJQ6" failures="0" tests="2" name="Validations" time="35.113" errors="0" timestamp="2025-02-20T14:02:01 IST">
  <testcase classname="sandeepacademy.Tests.ErrorValidations" name="E2EDemo2" time="4.068"/>
  <testcase classname="sandeepacademy.Tests.ErrorValidations" name="E2EDemo2" time="3.886"/>
  <testcase classname="sandeepacademy.Tests.ErrorValidations" name="LoginErrorValidation" time="0.0">
    <ignored/>
  </testcase> <!-- LoginErrorValidation -->
</testsuite> <!-- Validations -->
